[21:11:41.161][INFO][CraftTweaker-EarlyInit]: CraftTweaker is running on a Minecraft 1.20.1 production server modded with platform Forge
[21:11:41.188][INFO][CraftTweaker-EarlyInit]: Successfully injected RecipeFS file system
[21:11:41.282][INFO][CraftTweaker-Plugins]: Successfully identified and loaded plugin crafttweaker:builtin
[21:11:41.283][INFO][CraftTweaker-Plugins]: Successfully identified and loaded plugin crafttweaker:builtin_forge
[21:11:41.285][INFO][CraftTweaker-Plugins]: Successfully identified and loaded plugin createtweaker:main
[21:11:41.293][INFO][CraftTweaker-Plugins]: Successfully identified and loaded plugin farmersdelight:crafttweaker_plugin
[21:11:41.295][INFO][CraftTweaker-Plugins]: Successfully identified and loaded plugin refurbished_furniture:plugin
[21:11:42.650][INFO][CraftTweaker]: The following mods have explicit CraftTweaker support through the default plugin:
[21:11:42.655][INFO][CraftTweaker]: - 'crafttweaker' at version '14.0.44'
[21:11:42.656][INFO][CraftTweaker]: - 'createtweaker' at version '4.0.13'
[21:11:42.656][INFO][CraftTweaker]: - 'farmersdelight' at version '1.20.1-1.2.5'
[21:11:42.656][INFO][CraftTweaker]: - 'refurbished_furniture' at version '1.0.8'
[21:11:50.812][INFO][CraftTweaker-ZenCode]: Started loading scripts for loader 'initialize'
[21:11:51.664][INFO][CraftTweaker-ZenCode]: Compiling and executing scripts
[21:11:51.861][INFO][CraftTweaker-ZenCode]: Successfully initialized modules [crafttweaker, expansions]
[21:11:51.970][INFO][CraftTweaker-ZenCode]: Execution for loader 'initialize' completed successfully
[21:12:18.398][INFO][CraftTweaker-ZenCode]: Started loading scripts for loader 'tags'
[21:12:18.444][INFO][CraftTweaker-ZenCode]: Compiling and executing scripts
[21:12:18.473][INFO][CraftTweaker-ZenCode]: Successfully initialized modules [crafttweaker, expansions]
[21:12:18.487][INFO][CraftTweaker-ZenCode]: Execution for loader 'tags' completed successfully
[21:12:19.399][INFO][CraftTweaker]: crafttweaker.reload.start
[21:12:19.404][INFO][CraftTweaker-ZenCode]: Started loading scripts for loader 'crafttweaker'
[21:12:19.434][INFO][CraftTweaker-ZenCode]: Compiling and executing scripts
[21:12:19.858][INFO][CraftTweaker-ZenCode]: Successfully initialized modules [mods, crafttweaker, expansions]
[21:12:19.868][INFO][CraftTweaker-ZenCode]: Execution for loader 'crafttweaker' completed successfully
[21:12:19.870][INFO][CraftTweaker]: crafttweaker.reload.complete
