[01:20:44] [ServerMain/INFO]: Environment: Environment[sessionHost=https://sessionserver.mojang.com, servicesHost=https://api.minecraftservices.com, name=PROD]
[01:20:46] [ServerMain/INFO]: Loaded 1337 recipes
[01:20:46] [ServerMain/INFO]: Loaded 1448 advancements
[01:20:46] [Server thread/INFO]: Starting minecraft server version 1.21.3
[01:20:46] [Server thread/INFO]: Loading properties
[01:20:46] [Server thread/INFO]: Default game type: SURVIVAL
[01:20:46] [Server thread/INFO]: Generating keypair
[01:20:46] [Server thread/INFO]: Starting Minecraft server on *:25565
[01:20:47] [Server thread/INFO]: Using epoll channel type
[01:20:47] [Server thread/WARN]: **** SERVER IS RUNNING IN OFFLINE/INSECURE MODE!
[01:20:47] [Server thread/WARN]: The server will make no attempt to authenticate usernames. Beware.
[01:20:47] [Server thread/WARN]: While this makes the game possible to play without internet access, it also opens up the ability for hackers to connect with any username they choose.
[01:20:47] [Server thread/WARN]: To change this, set "online-mode" to "true" in the server.properties file.
[01:20:47] [Server thread/INFO]: Preparing level "world"
[01:20:47] [Server thread/INFO]: Preparing start region for dimension minecraft:overworld
[01:20:50] [Worker-Main-1/INFO]: Preparing spawn area: 0%
[01:20:50] [Worker-Main-1/INFO]: Preparing spawn area: 0%
[01:20:50] [Worker-Main-1/INFO]: Preparing spawn area: 0%
[01:20:50] [Worker-Main-1/INFO]: Preparing spawn area: 0%
[01:20:50] [Worker-Main-1/INFO]: Preparing spawn area: 0%
[01:20:50] [Worker-Main-1/INFO]: Preparing spawn area: 0%
[01:20:50] [Worker-Main-1/INFO]: Preparing spawn area: 0%
[01:20:50] [Server thread/INFO]: Time elapsed: 3072 ms
[01:20:50] [Server thread/INFO]: Done (3.357s)! For help, type "help"
[01:21:50] [Server thread/INFO]: Server empty for 60 seconds, pausing
[01:23:09] [Server thread/INFO]: Le0[/127.181.217.6:39807] logged in with entity id 10 at (-1265.5, 72.0, 1234.5)
[01:23:09] [Server thread/INFO]: Le0 joined the game
[01:48:44] [Server thread/INFO]: Diegojg[/127.93.160.204:39557] logged in with entity id 5369 at (-1254.124042085847, 69.0, 1247.0740485254623)
[01:48:44] [Server thread/INFO]: Diegojg joined the game
[01:48:50] [Server thread/INFO]: [Not Secure] <Diegojg> nosi
[01:49:16] [Server thread/INFO]: [Not Secure] <Le0> nosiso
[01:50:50] [Server thread/INFO]: [Not Secure] <Diegojg> oe
